#! /c/Source/iverilog-install/bin/vvp
:ivl_version "12.0 (devel)" "(s20150603-1539-g2693dd32b)";
:ivl_delay_selection "TYPICAL";
:vpi_time_precision + 0;
:vpi_module "C:\iverilog\lib\ivl\system.vpi";
:vpi_module "C:\iverilog\lib\ivl\vhdl_sys.vpi";
:vpi_module "C:\iverilog\lib\ivl\vhdl_textio.vpi";
:vpi_module "C:\iverilog\lib\ivl\v2005_math.vpi";
:vpi_module "C:\iverilog\lib\ivl\va_math.vpi";
:vpi_module "C:\iverilog\lib\ivl\v2009.vpi";
S_00000248f8f55860 .scope package, "$unit" "$unit" 2 1;
 .timescale 0 0;
S_00000248f8f559f0 .scope module, "icarusTest_tb" "icarusTest_tb" 3 1;
 .timescale 0 0;
v00000248f8f226a0_0 .var "clk", 0 0;
v00000248f8f22740_0 .net "count", 7 0, v00000248f908aca0_0;  1 drivers
v00000248f8f227e0_0 .var "en", 0 0;
v00000248f8f22880_0 .var "rst_n", 0 0;
E_00000248f908c680 .event negedge, v00000248f908a9d0_0;
S_00000248f8f22510 .scope module, "iDUT" "icarusTest" 3 9, 4 1 0, S_00000248f8f559f0;
 .timescale 0 0;
    .port_info 0 /INPUT 1 "clk";
    .port_info 1 /INPUT 1 "rst_n";
    .port_info 2 /INPUT 1 "en";
    .port_info 3 /OUTPUT 8 "count";
v00000248f908a9d0_0 .net "clk", 0 0, v00000248f8f226a0_0;  1 drivers
v00000248f908aca0_0 .var "count", 7 0;
v00000248f8f55b80_0 .net "en", 0 0, v00000248f8f227e0_0;  1 drivers
v00000248f8f55c20_0 .net "rst_n", 0 0, v00000248f8f22880_0;  1 drivers
E_00000248f908be40/0 .event negedge, v00000248f8f55c20_0;
E_00000248f908be40/1 .event posedge, v00000248f908a9d0_0;
E_00000248f908be40 .event/or E_00000248f908be40/0, E_00000248f908be40/1;
    .scope S_00000248f8f22510;
T_0 ;
    %wait E_00000248f908be40;
    %load/vec4 v00000248f8f55c20_0;
    %nor/r;
    %flag_set/vec4 8;
    %jmp/0xz  T_0.0, 8;
    %pushi/vec4 0, 0, 8;
    %assign/vec4 v00000248f908aca0_0, 0;
    %jmp T_0.1;
T_0.0 ;
    %load/vec4 v00000248f8f55b80_0;
    %flag_set/vec4 8;
    %jmp/0xz  T_0.2, 8;
    %load/vec4 v00000248f908aca0_0;
    %addi 1, 0, 8;
    %assign/vec4 v00000248f908aca0_0, 0;
T_0.2 ;
T_0.1 ;
    %jmp T_0;
    .thread T_0;
    .scope S_00000248f8f559f0;
T_1 ;
    %vpi_call/w 3 12 "$dumpfile", "dump.vcd" {0 0 0};
    %vpi_call/w 3 13 "$dumpvars", 32'sb00000000000000000000000000000000, S_00000248f8f559f0 {0 0 0};
    %pushi/vec4 0, 0, 1;
    %store/vec4 v00000248f8f226a0_0, 0, 1;
    %pushi/vec4 0, 0, 1;
    %store/vec4 v00000248f8f22880_0, 0, 1;
    %pushi/vec4 0, 0, 1;
    %store/vec4 v00000248f8f227e0_0, 0, 1;
    %wait E_00000248f908c680;
    %pushi/vec4 1, 0, 1;
    %store/vec4 v00000248f8f22880_0, 0, 1;
    %wait E_00000248f908c680;
    %pushi/vec4 1, 0, 1;
    %store/vec4 v00000248f8f227e0_0, 0, 1;
    %pushi/vec4 20, 0, 32;
T_1.0 %dup/vec4;
    %pushi/vec4 0, 0, 32;
    %cmp/s;
    %jmp/1xz T_1.1, 5;
    %jmp/1 T_1.1, 4;
    %pushi/vec4 1, 0, 32;
    %sub;
    %wait E_00000248f908c680;
    %jmp T_1.0;
T_1.1 ;
    %pop/vec4 1;
    %vpi_call/w 3 22 "$finish" {0 0 0};
    %end;
    .thread T_1;
    .scope S_00000248f8f559f0;
T_2 ;
    %delay 5, 0;
    %load/vec4 v00000248f8f226a0_0;
    %inv;
    %store/vec4 v00000248f8f226a0_0, 0, 1;
    %jmp T_2;
    .thread T_2;
# The file index is used to find the file name in the following table.
:file_names 5;
    "N/A";
    "<interactive>";
    "-";
    "icarusTest_tb.sv";
    "icarusTest.sv";
